Build started 9/5/2013 4:31:09 PM.
     1>Project "C:\Users\Moo\Desktop\USACO\setup\USACO\USACO\USACO.vcxproj" on node 2 (build target(s)).
     1>InitializeBuildStatus:
         Creating "Debug\USACO.unsuccessfulbuild" because "AlwaysCreate" was specified.
       ClCompile:
         c:\Program Files (x86)\Microsoft Visual Studio 10.0\VC\bin\CL.exe /c /ZI /nologo /W3 /WX- /Od /Oy- /D _MBCS /Gm /EHsc /RTC1 /MDd /GS /fp:precise /Zc:wchar_t /Zc:forScope /Fo"Debug\\" /Fd"Debug\vc100.pdb" /Gd /TP /analyze- /errorReport:prompt ..\..\..\dualpal\dualpal.cpp
         dualpal.cpp
     1>c:\users\moo\desktop\usaco\dualpal\dualpal.cpp(13): warning C4018: '<' : signed/unsigned mismatch
       Link:
         c:\Program Files (x86)\Microsoft Visual Studio 10.0\VC\bin\link.exe /ERRORREPORT:PROMPT /OUT:"C:\Users\Moo\Desktop\USACO\setup\USACO\Debug\USACO.exe" /NOLOGO kernel32.lib user32.lib gdi32.lib winspool.lib comdlg32.lib advapi32.lib shell32.lib ole32.lib oleaut32.lib uuid.lib odbc32.lib odbccp32.lib /MANIFEST /ManifestFile:"Debug\USACO.exe.intermediate.manifest" /MANIFESTUAC:"level='asInvoker' uiAccess='false'" /DEBUG /PDB:"C:\Users\Moo\Desktop\USACO\setup\USACO\Debug\USACO.pdb" /TLBID:1 /DYNAMICBASE /NXCOMPAT /IMPLIB:"C:\Users\Moo\Desktop\USACO\setup\USACO\Debug\USACO.lib" /MACHINE:X86 Debug\dualpal.obj
         LINK : C:\Users\Moo\Desktop\USACO\setup\USACO\Debug\USACO.exe not found or not built by the last incremental link; performing full link
         USACO.vcxproj -> C:\Users\Moo\Desktop\USACO\setup\USACO\Debug\USACO.exe
       Manifest:
         C:\Program Files (x86)\Microsoft SDKs\Windows\v7.0A\bin\mt.exe /nologo /verbose /outputresource:"C:\Users\Moo\Desktop\USACO\setup\USACO\Debug\USACO.exe;#1" /manifest Debug\USACO.exe.intermediate.manifest
       FinalizeBuildStatus:
         Deleting file "Debug\USACO.unsuccessfulbuild".
         Touching "Debug\USACO.lastbuildstate".
     1>Done Building Project "C:\Users\Moo\Desktop\USACO\setup\USACO\USACO\USACO.vcxproj" (build target(s)).

Build succeeded.

Time Elapsed 00:00:15.64
